==2442344== Memcheck, a memory error detector
==2442344== Copyright (C) 2002-2022, and GNU GPL'd, by Julian Seward et al.
==2442344== Using Valgrind-3.19.0 and LibVEX; rerun with -h for copyright info
==2442344== Command: /home/ptondereau/Code/php-debug/bin/php -dmemory_limit=2M -dextension=target/debug/libphp_rs_valgrind.so index_with_ext.php
==2442344== Parent PID: 2336238
==2442344== 
==2442344== 
==2442344== HEAP SUMMARY:
==2442344==     in use at exit: 2,304 bytes in 12 blocks
==2442344==   total heap usage: 14,106 allocs, 14,094 frees, 2,405,933 bytes allocated
==2442344== 
==2442344== 5 bytes in 1 blocks are indirectly lost in loss record 1 of 12
==2442344==    at 0x484884F: malloc (vg_replace_malloc.c:381)
==2442344==    by 0x856A23D: alloc (alloc.rs:89)
==2442344==    by 0x856A23D: alloc_impl (alloc.rs:171)
==2442344==    by 0x856A23D: allocate (alloc.rs:231)
==2442344==    by 0x856A23D: allocate_in<u8, alloc::alloc::Global> (raw_vec.rs:185)
==2442344==    by 0x856A23D: with_capacity_in<u8, alloc::alloc::Global> (raw_vec.rs:131)
==2442344==    by 0x856A23D: with_capacity_in<u8, alloc::alloc::Global> (mod.rs:615)
==2442344==    by 0x856A23D: with_capacity<u8> (mod.rs:470)
==2442344==    by 0x856A23D: spec_new_impl_bytes (c_str.rs:287)
==2442344==    by 0x856A23D: <&str as alloc::ffi::c_str::CString::new::SpecNewImpl>::spec_new_impl (c_str.rs:306)
==2442344==    by 0x85261BA: alloc::ffi::c_str::CString::new (c_str.rs:316)
==2442344==    by 0x8520E9C: ext_php_rs::args::Arg::as_arg_info (args.rs:133)
==2442344==    by 0x851E6C7: ext_php_rs::builders::function::FunctionBuilder::build::{{closure}} (function.rs:131)
==2442344==    by 0x852637A: core::iter::adapters::map::map_try_fold::{{closure}} (map.rs:91)
==2442344==    by 0x8526669: core::iter::traits::iterator::Iterator::try_fold (iterator.rs:2190)
==2442344==    by 0x852627F: <core::iter::adapters::map::Map<I,F> as core::iter::traits::iterator::Iterator>::try_fold (map.rs:117)
==2442344==    by 0x852BB9D: <core::iter::adapters::GenericShunt<I,R> as core::iter::traits::iterator::Iterator>::try_fold (mod.rs:190)
==2442344==    by 0x852BF2B: core::iter::traits::iterator::Iterator::try_for_each (iterator.rs:2251)
==2442344==    by 0x852BB3D: <core::iter::adapters::GenericShunt<I,R> as core::iter::traits::iterator::Iterator>::next (mod.rs:173)
==2442344==    by 0x8528EBB: <alloc::vec::Vec<T> as alloc::vec::spec_from_iter_nested::SpecFromIterNested<T,I>>::from_iter (spec_from_iter_nested.rs:26)
==2442344==    by 0x852B010: <alloc::vec::Vec<T> as alloc::vec::spec_from_iter::SpecFromIter<T,I>>::from_iter (spec_from_iter.rs:33)
==2442344==    by 0x852AF87: <alloc::vec::Vec<T> as core::iter::traits::collect::FromIterator<T>>::from_iter (mod.rs:2612)
==2442344==    by 0x852BF70: core::iter::traits::iterator::Iterator::collect (iterator.rs:1788)
==2442344==    by 0x8531644: <core::result::Result<V,E> as core::iter::traits::collect::FromIterator<core::result::Result<A,E>>>::from_iter::{{closure}} (result.rs:2072)
==2442344==    by 0x852C023: core::iter::adapters::try_process (mod.rs:159)
==2442344==    by 0x85315F6: <core::result::Result<V,E> as core::iter::traits::collect::FromIterator<core::result::Result<A,E>>>::from_iter (result.rs:2072)
==2442344==    by 0x85262EA: core::iter::traits::iterator::Iterator::collect (iterator.rs:1788)
==2442344==    by 0x853612A: ext_php_rs::builders::function::FunctionBuilder::build (function.rs:129)
==2442344==    by 0x851DAB9: get_module (lib.rs:9)
==2442344==    by 0x5E0EB1: php_load_extension (dl.c:207)
==2442344==    by 0x6C1523: php_load_php_extension_cb (php_ini.c:317)
==2442344==    by 0x746EC3: zend_llist_apply (zend_llist.c:184)
==2442344==    by 0x6C26D0: php_ini_register_extensions (php_ini.c:761)
==2442344==    by 0x6B7E85: php_module_startup (main.c:2256)
==2442344==    by 0x8D6968: php_cli_startup (php_cli.c:409)
==2442344==    by 0x8D8B69: main (php_cli.c:1334)
==2442344== 
==2442344== 6 bytes in 1 blocks are indirectly lost in loss record 2 of 12
==2442344==    at 0x484D68F: realloc (vg_replace_malloc.c:1437)
==2442344==    by 0x856A0C1: realloc (alloc.rs:126)
==2442344==    by 0x856A0C1: grow_impl (alloc.rs:203)
==2442344==    by 0x856A0C1: grow (alloc.rs:256)
==2442344==    by 0x856A0C1: alloc::raw_vec::finish_grow (raw_vec.rs:465)
==2442344==    by 0x856A3B8: grow_exact<u8, alloc::alloc::Global> (raw_vec.rs:419)
==2442344==    by 0x856A3B8: try_reserve_exact<u8, alloc::alloc::Global> (raw_vec.rs:338)
==2442344==    by 0x856A3B8: reserve_exact<u8, alloc::alloc::Global> (raw_vec.rs:329)
==2442344==    by 0x856A3B8: reserve_exact<u8, alloc::alloc::Global> (mod.rs:843)
==2442344==    by 0x856A3B8: alloc::ffi::c_str::CString::_from_vec_unchecked (c_str.rs:346)
==2442344==    by 0x8536984: <T as alloc::ffi::c_str::CString::new::SpecNewImpl>::spec_new_impl (c_str.rs:271)
==2442344==    by 0x8526190: alloc::ffi::c_str::CString::new (c_str.rs:316)
==2442344==    by 0x85279B6: ext_php_rs::builders::module::ModuleBuilder::build (module.rs:158)
==2442344==    by 0x851DB89: get_module (lib.rs:9)
==2442344==    by 0x5E0EB1: php_load_extension (dl.c:207)
==2442344==    by 0x6C1523: php_load_php_extension_cb (php_ini.c:317)
==2442344==    by 0x746EC3: zend_llist_apply (zend_llist.c:184)
==2442344==    by 0x6C26D0: php_ini_register_extensions (php_ini.c:761)
==2442344==    by 0x6B7E85: php_module_startup (main.c:2256)
==2442344==    by 0x8D6968: php_cli_startup (php_cli.c:409)
==2442344==    by 0x8D8B69: main (php_cli.c:1334)
==2442344== 
==2442344== 12 bytes in 1 blocks are indirectly lost in loss record 3 of 12
==2442344==    at 0x484D68F: realloc (vg_replace_malloc.c:1437)
==2442344==    by 0x856A0C1: realloc (alloc.rs:126)
==2442344==    by 0x856A0C1: grow_impl (alloc.rs:203)
==2442344==    by 0x856A0C1: grow (alloc.rs:256)
==2442344==    by 0x856A0C1: alloc::raw_vec::finish_grow (raw_vec.rs:465)
==2442344==    by 0x856A3B8: grow_exact<u8, alloc::alloc::Global> (raw_vec.rs:419)
==2442344==    by 0x856A3B8: try_reserve_exact<u8, alloc::alloc::Global> (raw_vec.rs:338)
==2442344==    by 0x856A3B8: reserve_exact<u8, alloc::alloc::Global> (raw_vec.rs:329)
==2442344==    by 0x856A3B8: reserve_exact<u8, alloc::alloc::Global> (mod.rs:843)
==2442344==    by 0x856A3B8: alloc::ffi::c_str::CString::_from_vec_unchecked (c_str.rs:346)
==2442344==    by 0x8536984: <T as alloc::ffi::c_str::CString::new::SpecNewImpl>::spec_new_impl (c_str.rs:271)
==2442344==    by 0x8526190: alloc::ffi::c_str::CString::new (c_str.rs:316)
==2442344==    by 0x853627A: ext_php_rs::builders::function::FunctionBuilder::build (function.rs:135)
==2442344==    by 0x851DAB9: get_module (lib.rs:9)
==2442344==    by 0x5E0EB1: php_load_extension (dl.c:207)
==2442344==    by 0x6C1523: php_load_php_extension_cb (php_ini.c:317)
==2442344==    by 0x746EC3: zend_llist_apply (zend_llist.c:184)
==2442344==    by 0x6C26D0: php_ini_register_extensions (php_ini.c:761)
==2442344==    by 0x6B7E85: php_module_startup (main.c:2256)
==2442344==    by 0x8D6968: php_cli_startup (php_cli.c:409)
==2442344==    by 0x8D8B69: main (php_cli.c:1334)
==2442344== 
==2442344== 16 bytes in 1 blocks are indirectly lost in loss record 4 of 12
==2442344==    at 0x484D68F: realloc (vg_replace_malloc.c:1437)
==2442344==    by 0x856A0C1: realloc (alloc.rs:126)
==2442344==    by 0x856A0C1: grow_impl (alloc.rs:203)
==2442344==    by 0x856A0C1: grow (alloc.rs:256)
==2442344==    by 0x856A0C1: alloc::raw_vec::finish_grow (raw_vec.rs:465)
==2442344==    by 0x856A3B8: grow_exact<u8, alloc::alloc::Global> (raw_vec.rs:419)
==2442344==    by 0x856A3B8: try_reserve_exact<u8, alloc::alloc::Global> (raw_vec.rs:338)
==2442344==    by 0x856A3B8: reserve_exact<u8, alloc::alloc::Global> (raw_vec.rs:329)
==2442344==    by 0x856A3B8: reserve_exact<u8, alloc::alloc::Global> (mod.rs:843)
==2442344==    by 0x856A3B8: alloc::ffi::c_str::CString::_from_vec_unchecked (c_str.rs:346)
==2442344==    by 0x8536984: <T as alloc::ffi::c_str::CString::new::SpecNewImpl>::spec_new_impl (c_str.rs:271)
==2442344==    by 0x8526190: alloc::ffi::c_str::CString::new (c_str.rs:316)
==2442344==    by 0x8527881: ext_php_rs::builders::module::ModuleBuilder::build (module.rs:157)
==2442344==    by 0x851DB89: get_module (lib.rs:9)
==2442344==    by 0x5E0EB1: php_load_extension (dl.c:207)
==2442344==    by 0x6C1523: php_load_php_extension_cb (php_ini.c:317)
==2442344==    by 0x746EC3: zend_llist_apply (zend_llist.c:184)
==2442344==    by 0x6C26D0: php_ini_register_extensions (php_ini.c:761)
==2442344==    by 0x6B7E85: php_module_startup (main.c:2256)
==2442344==    by 0x8D6968: php_cli_startup (php_cli.c:409)
==2442344==    by 0x8D8B69: main (php_cli.c:1334)
==2442344== 
==2442344== 35 bytes in 1 blocks are still reachable in loss record 5 of 12
==2442344==    at 0x484884F: malloc (vg_replace_malloc.c:381)
==2442344==    by 0x40271FF: malloc (rtld-malloc.h:56)
==2442344==    by 0x40271FF: strdup (strdup.c:42)
==2442344==    by 0x400A588: _dl_map_object (dl-load.c:2259)
==2442344==    by 0x400E9A8: dl_open_worker_begin (dl-open.c:534)
==2442344==    by 0x4DF7C27: _dl_catch_exception (dl-error-skeleton.c:208)
==2442344==    by 0x400DF99: dl_open_worker (dl-open.c:782)
==2442344==    by 0x4DF7C27: _dl_catch_exception (dl-error-skeleton.c:208)
==2442344==    by 0x400E34D: _dl_open (dl-open.c:883)
==2442344==    by 0x4D136BB: dlopen_doit (dlopen.c:56)
==2442344==    by 0x4DF7C27: _dl_catch_exception (dl-error-skeleton.c:208)
==2442344==    by 0x4DF7CF2: _dl_catch_error (dl-error-skeleton.c:227)
==2442344==    by 0x4D131AD: _dlerror_run (dlerror.c:138)
==2442344==    by 0x4D13747: dlopen_implementation (dlopen.c:71)
==2442344==    by 0x4D13747: dlopen@@GLIBC_2.34 (dlopen.c:81)
==2442344==    by 0x5E09DA: php_load_shlib (dl.c:88)
==2442344==    by 0x5E0BE5: php_load_extension (dl.c:152)
==2442344==    by 0x6C1523: php_load_php_extension_cb (php_ini.c:317)
==2442344==    by 0x746EC3: zend_llist_apply (zend_llist.c:184)
==2442344==    by 0x6C26D0: php_ini_register_extensions (php_ini.c:761)
==2442344==    by 0x6B7E85: php_module_startup (main.c:2256)
==2442344==    by 0x8D6968: php_cli_startup (php_cli.c:409)
==2442344==    by 0x8D8B69: main (php_cli.c:1334)
==2442344== 
==2442344== 64 bytes in 1 blocks are indirectly lost in loss record 6 of 12
==2442344==    at 0x484884F: malloc (vg_replace_malloc.c:381)
==2442344==    by 0x853B18B: alloc::alloc::alloc (alloc.rs:89)
==2442344==    by 0x853B216: alloc::alloc::Global::alloc_impl (alloc.rs:171)
==2442344==    by 0x853B879: <alloc::alloc::Global as core::alloc::Allocator>::allocate (alloc.rs:231)
==2442344==    by 0x85384E8: alloc::raw_vec::RawVec<T,A>::allocate_in (raw_vec.rs:185)
==2442344==    by 0x853A2EC: alloc::raw_vec::RawVec<T,A>::with_capacity_in (raw_vec.rs:131)
==2442344==    by 0x8529E13: alloc::vec::Vec<T,A>::with_capacity_in (mod.rs:615)
==2442344==    by 0x8529286: alloc::vec::Vec<T>::with_capacity (mod.rs:470)
==2442344==    by 0x8535DB5: ext_php_rs::builders::function::FunctionBuilder::build (function.rs:112)
==2442344==    by 0x851DAB9: get_module (lib.rs:9)
==2442344==    by 0x5E0EB1: php_load_extension (dl.c:207)
==2442344==    by 0x6C1523: php_load_php_extension_cb (php_ini.c:317)
==2442344==    by 0x746EC3: zend_llist_apply (zend_llist.c:184)
==2442344==    by 0x6C26D0: php_ini_register_extensions (php_ini.c:761)
==2442344==    by 0x6B7E85: php_module_startup (main.c:2256)
==2442344==    by 0x8D6968: php_cli_startup (php_cli.c:409)
==2442344==    by 0x8D8B69: main (php_cli.c:1334)
==2442344== 
==2442344== 64 bytes in 1 blocks are indirectly lost in loss record 7 of 12
==2442344==    at 0x484D68F: realloc (vg_replace_malloc.c:1437)
==2442344==    by 0x853B3C9: alloc::alloc::realloc (alloc.rs:126)
==2442344==    by 0x853B607: <alloc::alloc::Global as core::alloc::Allocator>::shrink (alloc.rs:294)
==2442344==    by 0x853AAAD: alloc::raw_vec::RawVec<T,A>::shrink (raw_vec.rs:433)
==2442344==    by 0x8538763: alloc::raw_vec::RawVec<T,A>::shrink_to_fit (raw_vec.rs:353)
==2442344==    by 0x852952C: alloc::vec::Vec<T,A>::shrink_to_fit (mod.rs:945)
==2442344==    by 0x852995C: alloc::vec::Vec<T,A>::into_boxed_slice (mod.rs:1003)
==2442344==    by 0x8527815: ext_php_rs::builders::module::ModuleBuilder::build (module.rs:156)
==2442344==    by 0x851DB89: get_module (lib.rs:9)
==2442344==    by 0x5E0EB1: php_load_extension (dl.c:207)
==2442344==    by 0x6C1523: php_load_php_extension_cb (php_ini.c:317)
==2442344==    by 0x746EC3: zend_llist_apply (zend_llist.c:184)
==2442344==    by 0x6C26D0: php_ini_register_extensions (php_ini.c:761)
==2442344==    by 0x6B7E85: php_module_startup (main.c:2256)
==2442344==    by 0x8D6968: php_cli_startup (php_cli.c:409)
==2442344==    by 0x8D8B69: main (php_cli.c:1334)
==2442344== 
==2442344== 163 bytes in 1 blocks are still reachable in loss record 8 of 12
==2442344==    at 0x484876A: malloc (vg_replace_malloc.c:380)
==2442344==    by 0x484D6EB: realloc (vg_replace_malloc.c:1437)
==2442344==    by 0x400DBD9: realloc (rtld-malloc.h:62)
==2442344==    by 0x400DBD9: _dl_new_object (dl-object.c:218)
==2442344==    by 0x4008C82: _dl_map_object_from_fd (dl-load.c:1063)
==2442344==    by 0x400A600: _dl_map_object (dl-load.c:2327)
==2442344==    by 0x400E9A8: dl_open_worker_begin (dl-open.c:534)
==2442344==    by 0x4DF7C27: _dl_catch_exception (dl-error-skeleton.c:208)
==2442344==    by 0x400DF99: dl_open_worker (dl-open.c:782)
==2442344==    by 0x4DF7C27: _dl_catch_exception (dl-error-skeleton.c:208)
==2442344==    by 0x400E34D: _dl_open (dl-open.c:883)
==2442344==    by 0x4D136BB: dlopen_doit (dlopen.c:56)
==2442344==    by 0x4DF7C27: _dl_catch_exception (dl-error-skeleton.c:208)
==2442344==    by 0x4DF7CF2: _dl_catch_error (dl-error-skeleton.c:227)
==2442344==    by 0x4D131AD: _dlerror_run (dlerror.c:138)
==2442344==    by 0x4D13747: dlopen_implementation (dlopen.c:71)
==2442344==    by 0x4D13747: dlopen@@GLIBC_2.34 (dlopen.c:81)
==2442344==    by 0x5E09DA: php_load_shlib (dl.c:88)
==2442344==    by 0x5E0BE5: php_load_extension (dl.c:152)
==2442344==    by 0x6C1523: php_load_php_extension_cb (php_ini.c:317)
==2442344==    by 0x746EC3: zend_llist_apply (zend_llist.c:184)
==2442344==    by 0x6C26D0: php_ini_register_extensions (php_ini.c:761)
==2442344==    by 0x6B7E85: php_module_startup (main.c:2256)
==2442344==    by 0x8D6968: php_cli_startup (php_cli.c:409)
==2442344==    by 0x8D8B69: main (php_cli.c:1334)
==2442344== 
==2442344== 184 bytes in 1 blocks are still reachable in loss record 9 of 12
==2442344==    at 0x484884F: malloc (vg_replace_malloc.c:381)
==2442344==    by 0x400E146: malloc (rtld-malloc.h:56)
==2442344==    by 0x400E146: add_to_global_resize (dl-open.c:152)
==2442344==    by 0x400EFF7: dl_open_worker_begin (dl-open.c:716)
==2442344==    by 0x4DF7C27: _dl_catch_exception (dl-error-skeleton.c:208)
==2442344==    by 0x400DF99: dl_open_worker (dl-open.c:782)
==2442344==    by 0x4DF7C27: _dl_catch_exception (dl-error-skeleton.c:208)
==2442344==    by 0x400E34D: _dl_open (dl-open.c:883)
==2442344==    by 0x4D136BB: dlopen_doit (dlopen.c:56)
==2442344==    by 0x4DF7C27: _dl_catch_exception (dl-error-skeleton.c:208)
==2442344==    by 0x4DF7CF2: _dl_catch_error (dl-error-skeleton.c:227)
==2442344==    by 0x4D131AD: _dlerror_run (dlerror.c:138)
==2442344==    by 0x4D13747: dlopen_implementation (dlopen.c:71)
==2442344==    by 0x4D13747: dlopen@@GLIBC_2.34 (dlopen.c:81)
==2442344==    by 0x5E09DA: php_load_shlib (dl.c:88)
==2442344==    by 0x5E0BE5: php_load_extension (dl.c:152)
==2442344==    by 0x6C1523: php_load_php_extension_cb (php_ini.c:317)
==2442344==    by 0x746EC3: zend_llist_apply (zend_llist.c:184)
==2442344==    by 0x6C26D0: php_ini_register_extensions (php_ini.c:761)
==2442344==    by 0x6B7E85: php_module_startup (main.c:2256)
==2442344==    by 0x8D6968: php_cli_startup (php_cli.c:409)
==2442344==    by 0x8D8B69: main (php_cli.c:1334)
==2442344== 
==2442344== 335 (168 direct, 167 indirect) bytes in 1 blocks are definitely lost in loss record 10 of 12
==2442344==    at 0x484884F: malloc (vg_replace_malloc.c:381)
==2442344==    by 0x853B18B: alloc::alloc::alloc (alloc.rs:89)
==2442344==    by 0x853B216: alloc::alloc::Global::alloc_impl (alloc.rs:171)
==2442344==    by 0x853B879: <alloc::alloc::Global as core::alloc::Allocator>::allocate (alloc.rs:231)
==2442344==    by 0x853B0EC: alloc::alloc::exchange_malloc (alloc.rs:320)
==2442344==    by 0x8531530: ext_php_rs::zend::module::<impl ext_php_rs::ffi::_zend_module_entry>::into_raw (boxed.rs:200)
==2442344==    by 0x851DBE2: get_module (lib.rs:9)
==2442344==    by 0x5E0EB1: php_load_extension (dl.c:207)
==2442344==    by 0x6C1523: php_load_php_extension_cb (php_ini.c:317)
==2442344==    by 0x746EC3: zend_llist_apply (zend_llist.c:184)
==2442344==    by 0x6C26D0: php_ini_register_extensions (php_ini.c:761)
==2442344==    by 0x6B7E85: php_module_startup (main.c:2256)
==2442344==    by 0x8D6968: php_cli_startup (php_cli.c:409)
==2442344==    by 0x8D8B69: main (php_cli.c:1334)
==2442344== 
==2442344== 360 bytes in 1 blocks are still reachable in loss record 11 of 12
==2442344==    at 0x484D444: calloc (vg_replace_malloc.c:1328)
==2442344==    by 0x40162DC: calloc (rtld-malloc.h:44)
==2442344==    by 0x40162DC: _dl_check_map_versions (dl-version.c:273)
==2442344==    by 0x400ED13: dl_open_worker_begin (dl-open.c:600)
==2442344==    by 0x4DF7C27: _dl_catch_exception (dl-error-skeleton.c:208)
==2442344==    by 0x400DF99: dl_open_worker (dl-open.c:782)
==2442344==    by 0x4DF7C27: _dl_catch_exception (dl-error-skeleton.c:208)
==2442344==    by 0x400E34D: _dl_open (dl-open.c:883)
==2442344==    by 0x4D136BB: dlopen_doit (dlopen.c:56)
==2442344==    by 0x4DF7C27: _dl_catch_exception (dl-error-skeleton.c:208)
==2442344==    by 0x4DF7CF2: _dl_catch_error (dl-error-skeleton.c:227)
==2442344==    by 0x4D131AD: _dlerror_run (dlerror.c:138)
==2442344==    by 0x4D13747: dlopen_implementation (dlopen.c:71)
==2442344==    by 0x4D13747: dlopen@@GLIBC_2.34 (dlopen.c:81)
==2442344==    by 0x5E09DA: php_load_shlib (dl.c:88)
==2442344==    by 0x5E0BE5: php_load_extension (dl.c:152)
==2442344==    by 0x6C1523: php_load_php_extension_cb (php_ini.c:317)
==2442344==    by 0x746EC3: zend_llist_apply (zend_llist.c:184)
==2442344==    by 0x6C26D0: php_ini_register_extensions (php_ini.c:761)
==2442344==    by 0x6B7E85: php_module_startup (main.c:2256)
==2442344==    by 0x8D6968: php_cli_startup (php_cli.c:409)
==2442344==    by 0x8D8B69: main (php_cli.c:1334)
==2442344== 
==2442344== 1,227 bytes in 1 blocks are still reachable in loss record 12 of 12
==2442344==    at 0x484D444: calloc (vg_replace_malloc.c:1328)
==2442344==    by 0x400DA02: calloc (rtld-malloc.h:44)
==2442344==    by 0x400DA02: _dl_new_object (dl-object.c:92)
==2442344==    by 0x4008C82: _dl_map_object_from_fd (dl-load.c:1063)
==2442344==    by 0x400A600: _dl_map_object (dl-load.c:2327)
==2442344==    by 0x400E9A8: dl_open_worker_begin (dl-open.c:534)
==2442344==    by 0x4DF7C27: _dl_catch_exception (dl-error-skeleton.c:208)
==2442344==    by 0x400DF99: dl_open_worker (dl-open.c:782)
==2442344==    by 0x4DF7C27: _dl_catch_exception (dl-error-skeleton.c:208)
==2442344==    by 0x400E34D: _dl_open (dl-open.c:883)
==2442344==    by 0x4D136BB: dlopen_doit (dlopen.c:56)
==2442344==    by 0x4DF7C27: _dl_catch_exception (dl-error-skeleton.c:208)
==2442344==    by 0x4DF7CF2: _dl_catch_error (dl-error-skeleton.c:227)
==2442344==    by 0x4D131AD: _dlerror_run (dlerror.c:138)
==2442344==    by 0x4D13747: dlopen_implementation (dlopen.c:71)
==2442344==    by 0x4D13747: dlopen@@GLIBC_2.34 (dlopen.c:81)
==2442344==    by 0x5E09DA: php_load_shlib (dl.c:88)
==2442344==    by 0x5E0BE5: php_load_extension (dl.c:152)
==2442344==    by 0x6C1523: php_load_php_extension_cb (php_ini.c:317)
==2442344==    by 0x746EC3: zend_llist_apply (zend_llist.c:184)
==2442344==    by 0x6C26D0: php_ini_register_extensions (php_ini.c:761)
==2442344==    by 0x6B7E85: php_module_startup (main.c:2256)
==2442344==    by 0x8D6968: php_cli_startup (php_cli.c:409)
==2442344==    by 0x8D8B69: main (php_cli.c:1334)
==2442344== 
==2442344== LEAK SUMMARY:
==2442344==    definitely lost: 168 bytes in 1 blocks
==2442344==    indirectly lost: 167 bytes in 6 blocks
==2442344==      possibly lost: 0 bytes in 0 blocks
==2442344==    still reachable: 1,969 bytes in 5 blocks
==2442344==         suppressed: 0 bytes in 0 blocks
==2442344== 
==2442344== ERROR SUMMARY: 1 errors from 1 contexts (suppressed: 0 from 0)
