==1040283== Memcheck, a memory error detector
==1040283== Copyright (C) 2002-2022, and GNU GPL'd, by Julian Seward et al.
==1040283== Using Valgrind-3.19.0 and LibVEX; rerun with -h for copyright info
==1040283== Command: php index.php
==1040283== Parent PID: 984863
==1040283== 
==1040283== 
==1040283== HEAP SUMMARY:
==1040283==     in use at exit: 16 bytes in 1 blocks
==1040283==   total heap usage: 24,519 allocs, 24,518 frees, 3,453,511 bytes allocated
==1040283== 
==1040283== LEAK SUMMARY:
==1040283==    definitely lost: 0 bytes in 0 blocks
==1040283==    indirectly lost: 0 bytes in 0 blocks
==1040283==      possibly lost: 0 bytes in 0 blocks
==1040283==    still reachable: 16 bytes in 1 blocks
==1040283==         suppressed: 0 bytes in 0 blocks
==1040283== Reachable blocks (those to which a pointer was found) are not shown.
==1040283== To see them, rerun with: --leak-check=full --show-leak-kinds=all
==1040283== 
==1040283== For lists of detected and suppressed errors, rerun with: -s
==1040283== ERROR SUMMARY: 0 errors from 0 contexts (suppressed: 0 from 0)
